# JRE version: Java(TM) SE Runtime Environment (8.0_202-b08) (build 1.8.0_202-b08)
# Java VM: Java HotSpot(TM) 64-Bit Server VM (25.202-b08 mixed mode windows-amd64 compressed oops)
Heap:
 PSYoungGen      total 29696K, used 9910K [0x00000000e0700000, 0x00000000e2d80000, 0x0000000100000000)
  eden space 26112K, 37% used [0x00000000e0700000,0x00000000e10ad978,0x00000000e2080000)
  from space 3584K, 0% used [0x00000000e2780000,0x00000000e2780000,0x00000000e2b00000)
  to   space 6656K, 0% used [0x00000000e2080000,0x00000000e2080000,0x00000000e2700000)
 ParOldGen       total 21504K, used 13732K [0x00000000a1400000, 0x00000000a2900000, 0x00000000e0700000)
  object space 21504K, 63% used [0x00000000a1400000,0x00000000a2169190,0x00000000a2900000)
 Metaspace       used 7986K, capacity 8756K, committed 8960K, reserved 1056768K
  class space    used 916K, capacity 944K, committed 1024K, reserved 1048576K
GC Heap History (10 events):
Event: 0.773 GC heap before
{Heap before GC invocations=10 (full 0):
 PSYoungGen      total 12800K, used 11302K [0x00000000e0700000, 0x00000000e1c00000, 0x0000000100000000)
  eden space 11264K, 99% used [0x00000000e0700000,0x00000000e11fbc08,0x00000000e1200000)
  from space 1536K, 3% used [0x00000000e1200000,0x00000000e120dd50,0x00000000e1380000)
  to   space 1536K, 0% used [0x00000000e1a80000,0x00000000e1a80000,0x00000000e1c00000)
 ParOldGen       total 5632K, used 1967K [0x00000000a1400000, 0x00000000a1980000, 0x00000000e0700000)
  object space 5632K, 34% used [0x00000000a1400000,0x00000000a15ebd30,0x00000000a1980000)
 Metaspace       used 6787K, capacity 7796K, committed 8064K, reserved 1056768K
  class space    used 847K, capacity 880K, committed 896K, reserved 1048576K
Event: 0.774 GC heap after
Heap after GC invocations=10 (full 0):
 PSYoungGen      total 19968K, used 67K [0x00000000e0700000, 0x00000000e1c00000, 0x0000000100000000)
  eden space 18432K, 0% used [0x00000000e0700000,0x00000000e0700000,0x00000000e1900000)
  from space 1536K, 4% used [0x00000000e1a80000,0x00000000e1a90e58,0x00000000e1c00000)
  to   space 1536K, 0% used [0x00000000e1900000,0x00000000e1900000,0x00000000e1a80000)
 ParOldGen       total 5632K, used 1967K [0x00000000a1400000, 0x00000000a1980000, 0x00000000e0700000)
  object space 5632K, 34% used [0x00000000a1400000,0x00000000a15ebd30,0x00000000a1980000)
 Metaspace       used 6787K, capacity 7796K, committed 8064K, reserved 1056768K
  class space    used 847K, capacity 880K, committed 896K, reserved 1048576K
}
Event: 1.231 GC heap before
{Heap before GC invocations=11 (full 0):
 PSYoungGen      total 19968K, used 18499K [0x00000000e0700000, 0x00000000e1c00000, 0x0000000100000000)
  eden space 18432K, 100% used [0x00000000e0700000,0x00000000e1900000,0x00000000e1900000)
  from space 1536K, 4% used [0x00000000e1a80000,0x00000000e1a90e58,0x00000000e1c00000)
  to   space 1536K, 0% used [0x00000000e1900000,0x00000000e1900000,0x00000000e1a80000)
 ParOldGen       total 5632K, used 1967K [0x00000000a1400000, 0x00000000a1980000, 0x00000000e0700000)
  object space 5632K, 34% used [0x00000000a1400000,0x00000000a15ebd30,0x00000000a1980000)
 Metaspace       used 7549K, capacity 8372K, committed 8704K, reserved 1056768K
  class space    used 897K, capacity 944K, committed 1024K, reserved 1048576K
Event: 1.242 GC heap after
Heap after GC invocations=11 (full 0):
 PSYoungGen      total 19968K, used 1510K [0x00000000e0700000, 0x00000000e2b00000, 0x0000000100000000)
  eden space 18432K, 0% used [0x00000000e0700000,0x00000000e0700000,0x00000000e1900000)
  from space 1536K, 98% used [0x00000000e1900000,0x00000000e1a79bf8,0x00000000e1a80000)
  to   space 3584K, 0% used [0x00000000e2780000,0x00000000e2780000,0x00000000e2b00000)
 ParOldGen       total 7168K, used 6705K [0x00000000a1400000, 0x00000000a1b00000, 0x00000000e0700000)
  object space 7168K, 93% used [0x00000000a1400000,0x00000000a1a8c570,0x00000000a1b00000)
 Metaspace       used 7549K, capacity 8372K, committed 8704K, reserved 1056768K
  class space    used 897K, capacity 944K, committed 1024K, reserved 1048576K
}
Event: 1.242 GC heap before
{Heap before GC invocations=12 (full 1):
 PSYoungGen      total 19968K, used 1510K [0x00000000e0700000, 0x00000000e2b00000, 0x0000000100000000)
  eden space 18432K, 0% used [0x00000000e0700000,0x00000000e0700000,0x00000000e1900000)
  from space 1536K, 98% used [0x00000000e1900000,0x00000000e1a79bf8,0x00000000e1a80000)
  to   space 3584K, 0% used [0x00000000e2780000,0x00000000e2780000,0x00000000e2b00000)
 ParOldGen       total 7168K, used 6705K [0x00000000a1400000, 0x00000000a1b00000, 0x00000000e0700000)
  object space 7168K, 93% used [0x00000000a1400000,0x00000000a1a8c570,0x00000000a1b00000)
 Metaspace       used 7549K, capacity 8372K, committed 8704K, reserved 1056768K
  class space    used 897K, capacity 944K, committed 1024K, reserved 1048576K
Event: 1.291 GC heap after
Heap after GC invocations=12 (full 1):
 PSYoungGen      total 19968K, used 972K [0x00000000e0700000, 0x00000000e2b00000, 0x0000000100000000)
  eden space 18432K, 0% used [0x00000000e0700000,0x00000000e0700000,0x00000000e1900000)
  from space 1536K, 63% used [0x00000000e1900000,0x00000000e19f3080,0x00000000e1a80000)
  to   space 3584K, 0% used [0x00000000e2780000,0x00000000e2780000,0x00000000e2b00000)
 ParOldGen       total 11264K, used 6708K [0x00000000a1400000, 0x00000000a1f00000, 0x00000000e0700000)
  object space 11264K, 59% used [0x00000000a1400000,0x00000000a1a8d368,0x00000000a1f00000)
 Metaspace       used 7549K, capacity 8372K, committed 8704K, reserved 1056768K
  class space    used 897K, capacity 944K, committed 1024K, reserved 1048576K
}
Event: 1.600 GC heap before
{Heap before GC invocations=13 (full 1):
 PSYoungGen      total 19968K, used 19404K [0x00000000e0700000, 0x00000000e2b00000, 0x0000000100000000)
  eden space 18432K, 100% used [0x00000000e0700000,0x00000000e1900000,0x00000000e1900000)
  from space 1536K, 63% used [0x00000000e1900000,0x00000000e19f3080,0x00000000e1a80000)
  to   space 3584K, 0% used [0x00000000e2780000,0x00000000e2780000,0x00000000e2b00000)
 ParOldGen       total 11264K, used 6708K [0x00000000a1400000, 0x00000000a1f00000, 0x00000000e0700000)
  object space 11264K, 59% used [0x00000000a1400000,0x00000000a1a8d368,0x00000000a1f00000)
 Metaspace       used 7667K, capacity 8436K, committed 8704K, reserved 1056768K
  class space    used 902K, capacity 944K, committed 1024K, reserved 1048576K
Event: 1.615 GC heap after
Heap after GC invocations=13 (full 1):
 PSYoungGen      total 29696K, used 3582K [0x00000000e0700000, 0x00000000e2d80000, 0x0000000100000000)
  eden space 26112K, 0% used [0x00000000e0700000,0x00000000e0700000,0x00000000e2080000)
  from space 3584K, 99% used [0x00000000e2780000,0x00000000e2affa80,0x00000000e2b00000)
  to   space 6656K, 0% used [0x00000000e2080000,0x00000000e2080000,0x00000000e2700000)
 ParOldGen       total 14336K, used 13038K [0x00000000a1400000, 0x00000000a2200000, 0x00000000e0700000)
  object space 14336K, 90% used [0x00000000a1400000,0x00000000a20bbb50,0x00000000a2200000)
 Metaspace       used 7667K, capacity 8436K, committed 8704K, reserved 1056768K
  class space    used 902K, capacity 944K, committed 1024K, reserved 1048576K
}
Event: 1.615 GC heap before
{Heap before GC invocations=14 (full 2):
 PSYoungGen      total 29696K, used 3582K [0x00000000e0700000, 0x00000000e2d80000, 0x0000000100000000)
  eden space 26112K, 0% used [0x00000000e0700000,0x00000000e0700000,0x00000000e2080000)
  from space 3584K, 99% used [0x00000000e2780000,0x00000000e2affa80,0x00000000e2b00000)
  to   space 6656K, 0% used [0x00000000e2080000,0x00000000e2080000,0x00000000e2700000)
 ParOldGen       total 14336K, used 13038K [0x00000000a1400000, 0x00000000a2200000, 0x00000000e0700000)
  object space 14336K, 90% used [0x00000000a1400000,0x00000000a20bbb50,0x00000000a2200000)
 Metaspace       used 7667K, capacity 8436K, committed 8704K, reserved 1056768K
  class space    used 902K, capacity 944K, committed 1024K, reserved 1048576K
Event: 1.663 GC heap after
Heap after GC invocations=14 (full 2):
 PSYoungGen      total 29696K, used 0K [0x00000000e0700000, 0x00000000e2d80000, 0x0000000100000000)
  eden space 26112K, 0% used [0x00000000e0700000,0x00000000e0700000,0x00000000e2080000)
  from space 3584K, 0% used [0x00000000e2780000,0x00000000e2780000,0x00000000e2b00000)
  to   space 6656K, 0% used [0x00000000e2080000,0x00000000e2080000,0x00000000e2700000)
 ParOldGen       total 21504K, used 13732K [0x00000000a1400000, 0x00000000a2900000, 0x00000000e0700000)
  object space 21504K, 63% used [0x00000000a1400000,0x00000000a2169190,0x00000000a2900000)
 Metaspace       used 7667K, capacity 8436K, committed 8704K, reserved 1056768K
  class space    used 902K, capacity 944K, committed 1024K, reserved 1048576K
}

