# JRE version: OpenJDK Runtime Environment Temurin-17.0.6+10 (17.0.6+10) (build 17.0.6+10)
# Java VM: OpenJDK 64-Bit Server VM Temurin-17.0.6+10 (17.0.6+10, mixed mode, emulated-client, tiered, compressed oops, compressed class ptrs, g1 gc, windows-amd64)
GC Precious Log:
 CPUs: 4 total, 4 available
 Memory: 6058M
 Large Page Support: Disabled
 NUMA Support: Disabled
 Compressed Oops: Enabled (32-bit)
 Heap Region Size: 1M
 Heap Min Capacity: 8M
 Heap Initial Capacity: 96M
 Heap Max Capacity: 1G
 Pre-touch: Disabled
 Parallel Workers: 4
 Concurrent Workers: 1
 Concurrent Refinement Workers: 4
 Periodic GC: Disabled
Heap:
 garbage-first heap   total 337920K, used 200396K [0x00000000c0000000, 0x0000000100000000)
  region size 1024K, 1 young (1024K), 0 survivors (0K)
 Metaspace       used 74614K, committed 75264K, reserved 1122304K
  class space    used 10270K, committed 10560K, reserved 1048576K
GC Heap History (20 events):
Event: 26308.459 GC heap before
{Heap before GC invocations=2559 (full 1886):
 garbage-first heap   total 337920K, used 200382K [0x00000000c0000000, 0x0000000100000000)
  region size 1024K, 1 young (1024K), 0 survivors (0K)
 Metaspace       used 74604K, committed 75264K, reserved 1122304K
  class space    used 10269K, committed 10560K, reserved 1048576K
}
Event: 26308.695 GC heap after
{Heap after GC invocations=2560 (full 1887):
 garbage-first heap   total 337920K, used 200382K [0x00000000c0000000, 0x0000000100000000)
  region size 1024K, 0 young (0K), 0 survivors (0K)
 Metaspace       used 74604K, committed 75264K, reserved 1122304K
  class space    used 10269K, committed 10560K, reserved 1048576K
}
Event: 26318.950 GC heap before
{Heap before GC invocations=2560 (full 1887):
 garbage-first heap   total 337920K, used 200382K [0x00000000c0000000, 0x0000000100000000)
  region size 1024K, 1 young (1024K), 0 survivors (0K)
 Metaspace       used 74614K, committed 75264K, reserved 1122304K
  class space    used 10270K, committed 10560K, reserved 1048576K
}
Event: 26319.248 GC heap after
{Heap after GC invocations=2561 (full 1888):
 garbage-first heap   total 337920K, used 200396K [0x00000000c0000000, 0x0000000100000000)
  region size 1024K, 0 young (0K), 0 survivors (0K)
 Metaspace       used 74614K, committed 75264K, reserved 1122304K
  class space    used 10270K, committed 10560K, reserved 1048576K
}
Event: 26329.612 GC heap before
{Heap before GC invocations=2561 (full 1888):
 garbage-first heap   total 337920K, used 200396K [0x00000000c0000000, 0x0000000100000000)
  region size 1024K, 1 young (1024K), 0 survivors (0K)
 Metaspace       used 74614K, committed 75264K, reserved 1122304K
  class space    used 10270K, committed 10560K, reserved 1048576K
}
Event: 26329.937 GC heap after
{Heap after GC invocations=2562 (full 1889):
 garbage-first heap   total 337920K, used 200396K [0x00000000c0000000, 0x0000000100000000)
  region size 1024K, 0 young (0K), 0 survivors (0K)
 Metaspace       used 74614K, committed 75264K, reserved 1122304K
  class space    used 10270K, committed 10560K, reserved 1048576K
}
Event: 26340.269 GC heap before
{Heap before GC invocations=2562 (full 1889):
 garbage-first heap   total 337920K, used 200396K [0x00000000c0000000, 0x0000000100000000)
  region size 1024K, 1 young (1024K), 0 survivors (0K)
 Metaspace       used 74614K, committed 75264K, reserved 1122304K
  class space    used 10270K, committed 10560K, reserved 1048576K
}
Event: 26340.589 GC heap after
{Heap after GC invocations=2563 (full 1890):
 garbage-first heap   total 337920K, used 200396K [0x00000000c0000000, 0x0000000100000000)
  region size 1024K, 0 young (0K), 0 survivors (0K)
 Metaspace       used 74614K, committed 75264K, reserved 1122304K
  class space    used 10270K, committed 10560K, reserved 1048576K
}
Event: 26350.859 GC heap before
{Heap before GC invocations=2563 (full 1890):
 garbage-first heap   total 337920K, used 200396K [0x00000000c0000000, 0x0000000100000000)
  region size 1024K, 1 young (1024K), 0 survivors (0K)
 Metaspace       used 74614K, committed 75264K, reserved 1122304K
  class space    used 10270K, committed 10560K, reserved 1048576K
}
Event: 26351.142 GC heap after
{Heap after GC invocations=2564 (full 1891):
 garbage-first heap   total 337920K, used 200396K [0x00000000c0000000, 0x0000000100000000)
  region size 1024K, 0 young (0K), 0 survivors (0K)
 Metaspace       used 74614K, committed 75264K, reserved 1122304K
  class space    used 10270K, committed 10560K, reserved 1048576K
}
Event: 26361.646 GC heap before
{Heap before GC invocations=2564 (full 1891):
 garbage-first heap   total 337920K, used 200396K [0x00000000c0000000, 0x0000000100000000)
  region size 1024K, 1 young (1024K), 0 survivors (0K)
 Metaspace       used 74614K, committed 75264K, reserved 1122304K
  class space    used 10270K, committed 10560K, reserved 1048576K
}
Event: 26361.999 GC heap after
{Heap after GC invocations=2565 (full 1892):
 garbage-first heap   total 337920K, used 200396K [0x00000000c0000000, 0x0000000100000000)
  region size 1024K, 0 young (0K), 0 survivors (0K)
 Metaspace       used 74614K, committed 75264K, reserved 1122304K
  class space    used 10270K, committed 10560K, reserved 1048576K
}
Event: 26372.366 GC heap before
{Heap before GC invocations=2565 (full 1892):
 garbage-first heap   total 337920K, used 200396K [0x00000000c0000000, 0x0000000100000000)
  region size 1024K, 1 young (1024K), 0 survivors (0K)
 Metaspace       used 74614K, committed 75264K, reserved 1122304K
  class space    used 10270K, committed 10560K, reserved 1048576K
}
Event: 26372.667 GC heap after
{Heap after GC invocations=2566 (full 1893):
 garbage-first heap   total 337920K, used 200396K [0x00000000c0000000, 0x0000000100000000)
  region size 1024K, 0 young (0K), 0 survivors (0K)
 Metaspace       used 74614K, committed 75264K, reserved 1122304K
  class space    used 10270K, committed 10560K, reserved 1048576K
}
Event: 26382.982 GC heap before
{Heap before GC invocations=2566 (full 1893):
 garbage-first heap   total 337920K, used 200396K [0x00000000c0000000, 0x0000000100000000)
  region size 1024K, 1 young (1024K), 0 survivors (0K)
 Metaspace       used 74614K, committed 75264K, reserved 1122304K
  class space    used 10270K, committed 10560K, reserved 1048576K
}
Event: 26383.270 GC heap after
{Heap after GC invocations=2567 (full 1894):
 garbage-first heap   total 337920K, used 200396K [0x00000000c0000000, 0x0000000100000000)
  region size 1024K, 0 young (0K), 0 survivors (0K)
 Metaspace       used 74614K, committed 75264K, reserved 1122304K
  class space    used 10270K, committed 10560K, reserved 1048576K
}
Event: 26393.701 GC heap before
{Heap before GC invocations=2567 (full 1894):
 garbage-first heap   total 337920K, used 200396K [0x00000000c0000000, 0x0000000100000000)
  region size 1024K, 1 young (1024K), 0 survivors (0K)
 Metaspace       used 74614K, committed 75264K, reserved 1122304K
  class space    used 10270K, committed 10560K, reserved 1048576K
}
Event: 26394.170 GC heap after
{Heap after GC invocations=2568 (full 1895):
 garbage-first heap   total 337920K, used 200396K [0x00000000c0000000, 0x0000000100000000)
  region size 1024K, 0 young (0K), 0 survivors (0K)
 Metaspace       used 74614K, committed 75264K, reserved 1122304K
  class space    used 10270K, committed 10560K, reserved 1048576K
}
Event: 26404.432 GC heap before
{Heap before GC invocations=2568 (full 1895):
 garbage-first heap   total 337920K, used 200396K [0x00000000c0000000, 0x0000000100000000)
  region size 1024K, 1 young (1024K), 0 survivors (0K)
 Metaspace       used 74614K, committed 75264K, reserved 1122304K
  class space    used 10270K, committed 10560K, reserved 1048576K
}
Event: 26404.708 GC heap after
{Heap after GC invocations=2569 (full 1896):
 garbage-first heap   total 337920K, used 200396K [0x00000000c0000000, 0x0000000100000000)
  region size 1024K, 0 young (0K), 0 survivors (0K)
 Metaspace       used 74614K, committed 75264K, reserved 1122304K
  class space    used 10270K, committed 10560K, reserved 1048576K
}

