# JRE version: OpenJDK Runtime Environment Temurin-17.0.7+7 (17.0.7+7) (build 17.0.7+7)
# Java VM: OpenJDK 64-Bit Server VM Temurin-17.0.7+7 (17.0.7+7, mixed mode, emulated-client, tiered, compressed oops, compressed class ptrs, g1 gc, windows-amd64)
GC Precious Log:
 CPUs: 4 total, 4 available
 Memory: 6058M
 Large Page Support: Disabled
 NUMA Support: Disabled
 Compressed Oops: Enabled (32-bit)
 Heap Region Size: 1M
 Heap Min Capacity: 8M
 Heap Initial Capacity: 96M
 Heap Max Capacity: 1G
 Pre-touch: Disabled
 Parallel Workers: 4
 Concurrent Workers: 1
 Concurrent Refinement Workers: 4
 Periodic GC: Disabled
Heap:
 garbage-first heap   total 48128K, used 14756K [0x00000000c0000000, 0x0000000100000000)
  region size 1024K, 1 young (1024K), 0 survivors (0K)
 Metaspace       used 37917K, committed 38464K, reserved 1114112K
  class space    used 5022K, committed 5248K, reserved 1048576K
GC Heap History (20 events):
Event: 3734.435 GC heap before
{Heap before GC invocations=212 (full 202):
 garbage-first heap   total 48128K, used 14756K [0x00000000c0000000, 0x0000000100000000)
  region size 1024K, 1 young (1024K), 0 survivors (0K)
 Metaspace       used 37917K, committed 38464K, reserved 1114112K
  class space    used 5022K, committed 5248K, reserved 1048576K
}
Event: 3734.462 GC heap after
{Heap after GC invocations=213 (full 203):
 garbage-first heap   total 48128K, used 14756K [0x00000000c0000000, 0x0000000100000000)
  region size 1024K, 0 young (0K), 0 survivors (0K)
 Metaspace       used 37917K, committed 38464K, reserved 1114112K
  class space    used 5022K, committed 5248K, reserved 1048576K
}
Event: 3744.670 GC heap before
{Heap before GC invocations=213 (full 203):
 garbage-first heap   total 48128K, used 14756K [0x00000000c0000000, 0x0000000100000000)
  region size 1024K, 1 young (1024K), 0 survivors (0K)
 Metaspace       used 37917K, committed 38464K, reserved 1114112K
  class space    used 5022K, committed 5248K, reserved 1048576K
}
Event: 3744.696 GC heap after
{Heap after GC invocations=214 (full 204):
 garbage-first heap   total 48128K, used 14756K [0x00000000c0000000, 0x0000000100000000)
  region size 1024K, 0 young (0K), 0 survivors (0K)
 Metaspace       used 37917K, committed 38464K, reserved 1114112K
  class space    used 5022K, committed 5248K, reserved 1048576K
}
Event: 3754.899 GC heap before
{Heap before GC invocations=214 (full 204):
 garbage-first heap   total 48128K, used 14756K [0x00000000c0000000, 0x0000000100000000)
  region size 1024K, 1 young (1024K), 0 survivors (0K)
 Metaspace       used 37917K, committed 38464K, reserved 1114112K
  class space    used 5022K, committed 5248K, reserved 1048576K
}
Event: 3754.920 GC heap after
{Heap after GC invocations=215 (full 205):
 garbage-first heap   total 48128K, used 14756K [0x00000000c0000000, 0x0000000100000000)
  region size 1024K, 0 young (0K), 0 survivors (0K)
 Metaspace       used 37917K, committed 38464K, reserved 1114112K
  class space    used 5022K, committed 5248K, reserved 1048576K
}
Event: 3765.137 GC heap before
{Heap before GC invocations=215 (full 205):
 garbage-first heap   total 48128K, used 14756K [0x00000000c0000000, 0x0000000100000000)
  region size 1024K, 1 young (1024K), 0 survivors (0K)
 Metaspace       used 37917K, committed 38464K, reserved 1114112K
  class space    used 5022K, committed 5248K, reserved 1048576K
}
Event: 3765.160 GC heap after
{Heap after GC invocations=216 (full 206):
 garbage-first heap   total 48128K, used 14756K [0x00000000c0000000, 0x0000000100000000)
  region size 1024K, 0 young (0K), 0 survivors (0K)
 Metaspace       used 37917K, committed 38464K, reserved 1114112K
  class space    used 5022K, committed 5248K, reserved 1048576K
}
Event: 3775.373 GC heap before
{Heap before GC invocations=216 (full 206):
 garbage-first heap   total 48128K, used 14756K [0x00000000c0000000, 0x0000000100000000)
  region size 1024K, 1 young (1024K), 0 survivors (0K)
 Metaspace       used 37917K, committed 38464K, reserved 1114112K
  class space    used 5022K, committed 5248K, reserved 1048576K
}
Event: 3775.394 GC heap after
{Heap after GC invocations=217 (full 207):
 garbage-first heap   total 48128K, used 14756K [0x00000000c0000000, 0x0000000100000000)
  region size 1024K, 0 young (0K), 0 survivors (0K)
 Metaspace       used 37917K, committed 38464K, reserved 1114112K
  class space    used 5022K, committed 5248K, reserved 1048576K
}
Event: 3785.625 GC heap before
{Heap before GC invocations=217 (full 207):
 garbage-first heap   total 48128K, used 14756K [0x00000000c0000000, 0x0000000100000000)
  region size 1024K, 1 young (1024K), 0 survivors (0K)
 Metaspace       used 37917K, committed 38464K, reserved 1114112K
  class space    used 5022K, committed 5248K, reserved 1048576K
}
Event: 3785.648 GC heap after
{Heap after GC invocations=218 (full 208):
 garbage-first heap   total 48128K, used 14756K [0x00000000c0000000, 0x0000000100000000)
  region size 1024K, 0 young (0K), 0 survivors (0K)
 Metaspace       used 37917K, committed 38464K, reserved 1114112K
  class space    used 5022K, committed 5248K, reserved 1048576K
}
Event: 3795.947 GC heap before
{Heap before GC invocations=218 (full 208):
 garbage-first heap   total 48128K, used 14756K [0x00000000c0000000, 0x0000000100000000)
  region size 1024K, 1 young (1024K), 0 survivors (0K)
 Metaspace       used 37917K, committed 38464K, reserved 1114112K
  class space    used 5022K, committed 5248K, reserved 1048576K
}
Event: 3795.975 GC heap after
{Heap after GC invocations=219 (full 209):
 garbage-first heap   total 48128K, used 14756K [0x00000000c0000000, 0x0000000100000000)
  region size 1024K, 0 young (0K), 0 survivors (0K)
 Metaspace       used 37917K, committed 38464K, reserved 1114112K
  class space    used 5022K, committed 5248K, reserved 1048576K
}
Event: 3807.663 GC heap before
{Heap before GC invocations=219 (full 209):
 garbage-first heap   total 48128K, used 14756K [0x00000000c0000000, 0x0000000100000000)
  region size 1024K, 1 young (1024K), 0 survivors (0K)
 Metaspace       used 37917K, committed 38464K, reserved 1114112K
  class space    used 5022K, committed 5248K, reserved 1048576K
}
Event: 3807.745 GC heap after
{Heap after GC invocations=220 (full 210):
 garbage-first heap   total 48128K, used 14756K [0x00000000c0000000, 0x0000000100000000)
  region size 1024K, 0 young (0K), 0 survivors (0K)
 Metaspace       used 37917K, committed 38464K, reserved 1114112K
  class space    used 5022K, committed 5248K, reserved 1048576K
}
Event: 3819.739 GC heap before
{Heap before GC invocations=220 (full 210):
 garbage-first heap   total 48128K, used 14756K [0x00000000c0000000, 0x0000000100000000)
  region size 1024K, 1 young (1024K), 0 survivors (0K)
 Metaspace       used 37917K, committed 38464K, reserved 1114112K
  class space    used 5022K, committed 5248K, reserved 1048576K
}
Event: 3819.774 GC heap after
{Heap after GC invocations=221 (full 211):
 garbage-first heap   total 48128K, used 14756K [0x00000000c0000000, 0x0000000100000000)
  region size 1024K, 0 young (0K), 0 survivors (0K)
 Metaspace       used 37917K, committed 38464K, reserved 1114112K
  class space    used 5022K, committed 5248K, reserved 1048576K
}
Event: 3830.217 GC heap before
{Heap before GC invocations=221 (full 211):
 garbage-first heap   total 48128K, used 14756K [0x00000000c0000000, 0x0000000100000000)
  region size 1024K, 1 young (1024K), 0 survivors (0K)
 Metaspace       used 37917K, committed 38464K, reserved 1114112K
  class space    used 5022K, committed 5248K, reserved 1048576K
}
Event: 3830.254 GC heap after
{Heap after GC invocations=222 (full 212):
 garbage-first heap   total 48128K, used 14756K [0x00000000c0000000, 0x0000000100000000)
  region size 1024K, 0 young (0K), 0 survivors (0K)
 Metaspace       used 37917K, committed 38464K, reserved 1114112K
  class space    used 5022K, committed 5248K, reserved 1048576K
}

