# JRE version: Java(TM) SE Runtime Environment (8.0_202-b08) (build 1.8.0_202-b08)
# Java VM: Java HotSpot(TM) 64-Bit Server VM (25.202-b08 mixed mode windows-amd64 compressed oops)
Heap:
 PSYoungGen      total 13824K, used 9195K [0x00000000e0700000, 0x00000000e1600000, 0x0000000100000000)
  eden space 12288K, 72% used [0x00000000e0700000,0x00000000e0fc1f60,0x00000000e1300000)
  from space 1536K, 14% used [0x00000000e1480000,0x00000000e14b8e58,0x00000000e1600000)
  to   space 1536K, 0% used [0x00000000e1300000,0x00000000e1300000,0x00000000e1480000)
 ParOldGen       total 5632K, used 1960K [0x00000000a1400000, 0x00000000a1980000, 0x00000000e0700000)
  object space 5632K, 34% used [0x00000000a1400000,0x00000000a15ea000,0x00000000a1980000)
 Metaspace       used 7214K, capacity 8116K, committed 8448K, reserved 1056768K
  class space    used 886K, capacity 944K, committed 1024K, reserved 1048576K
GC Heap History (10 events):
Event: 0.629 GC heap before
{Heap before GC invocations=4 (full 0):
 PSYoungGen      total 3584K, used 3552K [0x00000000e0700000, 0x00000000e0e00000, 0x0000000100000000)
  eden space 3072K, 100% used [0x00000000e0700000,0x00000000e0a00000,0x00000000e0a00000)
  from space 512K, 93% used [0x00000000e0a00000,0x00000000e0a78020,0x00000000e0a80000)
  to   space 512K, 0% used [0x00000000e0d80000,0x00000000e0d80000,0x00000000e0e00000)
 ParOldGen       total 5632K, used 576K [0x00000000a1400000, 0x00000000a1980000, 0x00000000e0700000)
  object space 5632K, 10% used [0x00000000a1400000,0x00000000a1490050,0x00000000a1980000)
 Metaspace       used 6006K, capacity 7244K, committed 7552K, reserved 1056768K
  class space    used 753K, capacity 776K, committed 896K, reserved 1048576K
Event: 0.631 GC heap after
Heap after GC invocations=4 (full 0):
 PSYoungGen      total 6656K, used 480K [0x00000000e0700000, 0x00000000e0e00000, 0x0000000100000000)
  eden space 6144K, 0% used [0x00000000e0700000,0x00000000e0700000,0x00000000e0d00000)
  from space 512K, 93% used [0x00000000e0d80000,0x00000000e0df8020,0x00000000e0e00000)
  to   space 512K, 0% used [0x00000000e0d00000,0x00000000e0d00000,0x00000000e0d80000)
 ParOldGen       total 5632K, used 916K [0x00000000a1400000, 0x00000000a1980000, 0x00000000e0700000)
  object space 5632K, 16% used [0x00000000a1400000,0x00000000a14e5060,0x00000000a1980000)
 Metaspace       used 6006K, capacity 7244K, committed 7552K, reserved 1056768K
  class space    used 753K, capacity 776K, committed 896K, reserved 1048576K
}
Event: 0.792 GC heap before
{Heap before GC invocations=5 (full 0):
 PSYoungGen      total 6656K, used 6607K [0x00000000e0700000, 0x00000000e0e00000, 0x0000000100000000)
  eden space 6144K, 99% used [0x00000000e0700000,0x00000000e0cfbc30,0x00000000e0d00000)
  from space 512K, 93% used [0x00000000e0d80000,0x00000000e0df8020,0x00000000e0e00000)
  to   space 512K, 0% used [0x00000000e0d00000,0x00000000e0d00000,0x00000000e0d80000)
 ParOldGen       total 5632K, used 916K [0x00000000a1400000, 0x00000000a1980000, 0x00000000e0700000)
  object space 5632K, 16% used [0x00000000a1400000,0x00000000a14e5060,0x00000000a1980000)
 Metaspace       used 6783K, capacity 7796K, committed 8064K, reserved 1056768K
  class space    used 847K, capacity 880K, committed 896K, reserved 1048576K
Event: 0.797 GC heap after
Heap after GC invocations=5 (full 0):
 PSYoungGen      total 6656K, used 480K [0x00000000e0700000, 0x00000000e1600000, 0x0000000100000000)
  eden space 6144K, 0% used [0x00000000e0700000,0x00000000e0700000,0x00000000e0d00000)
  from space 512K, 93% used [0x00000000e0d00000,0x00000000e0d78020,0x00000000e0d80000)
  to   space 1536K, 0% used [0x00000000e1480000,0x00000000e1480000,0x00000000e1600000)
 ParOldGen       total 5632K, used 1559K [0x00000000a1400000, 0x00000000a1980000, 0x00000000e0700000)
  object space 5632K, 27% used [0x00000000a1400000,0x00000000a1585dc8,0x00000000a1980000)
 Metaspace       used 6783K, capacity 7796K, committed 8064K, reserved 1056768K
  class space    used 847K, capacity 880K, committed 896K, reserved 1048576K
}
Event: 0.800 GC heap before
{Heap before GC invocations=6 (full 0):
 PSYoungGen      total 6656K, used 6619K [0x00000000e0700000, 0x00000000e1600000, 0x0000000100000000)
  eden space 6144K, 99% used [0x00000000e0700000,0x00000000e0cfece8,0x00000000e0d00000)
  from space 512K, 93% used [0x00000000e0d00000,0x00000000e0d78020,0x00000000e0d80000)
  to   space 1536K, 0% used [0x00000000e1480000,0x00000000e1480000,0x00000000e1600000)
 ParOldGen       total 5632K, used 1559K [0x00000000a1400000, 0x00000000a1980000, 0x00000000e0700000)
  object space 5632K, 27% used [0x00000000a1400000,0x00000000a1585dc8,0x00000000a1980000)
 Metaspace       used 6786K, capacity 7796K, committed 8064K, reserved 1056768K
  class space    used 847K, capacity 880K, committed 896K, reserved 1048576K
Event: 0.801 GC heap after
Heap after GC invocations=6 (full 0):
 PSYoungGen      total 13824K, used 547K [0x00000000e0700000, 0x00000000e1600000, 0x0000000100000000)
  eden space 12288K, 0% used [0x00000000e0700000,0x00000000e0700000,0x00000000e1300000)
  from space 1536K, 35% used [0x00000000e1480000,0x00000000e1508eb8,0x00000000e1600000)
  to   space 1536K, 0% used [0x00000000e1300000,0x00000000e1300000,0x00000000e1480000)
 ParOldGen       total 5632K, used 1567K [0x00000000a1400000, 0x00000000a1980000, 0x00000000e0700000)
  object space 5632K, 27% used [0x00000000a1400000,0x00000000a1587dc8,0x00000000a1980000)
 Metaspace       used 6786K, capacity 7796K, committed 8064K, reserved 1056768K
  class space    used 847K, capacity 880K, committed 896K, reserved 1048576K
}
Event: 0.817 GC heap before
{Heap before GC invocations=7 (full 0):
 PSYoungGen      total 13824K, used 12827K [0x00000000e0700000, 0x00000000e1600000, 0x0000000100000000)
  eden space 12288K, 99% used [0x00000000e0700000,0x00000000e12fde68,0x00000000e1300000)
  from space 1536K, 35% used [0x00000000e1480000,0x00000000e1508eb8,0x00000000e1600000)
  to   space 1536K, 0% used [0x00000000e1300000,0x00000000e1300000,0x00000000e1480000)
 ParOldGen       total 5632K, used 1567K [0x00000000a1400000, 0x00000000a1980000, 0x00000000e0700000)
  object space 5632K, 27% used [0x00000000a1400000,0x00000000a1587dc8,0x00000000a1980000)
 Metaspace       used 6787K, capacity 7796K, committed 8064K, reserved 1056768K
  class space    used 847K, capacity 880K, committed 896K, reserved 1048576K
Event: 0.818 GC heap after
Heap after GC invocations=7 (full 0):
 PSYoungGen      total 13824K, used 406K [0x00000000e0700000, 0x00000000e1600000, 0x0000000100000000)
  eden space 12288K, 0% used [0x00000000e0700000,0x00000000e0700000,0x00000000e1300000)
  from space 1536K, 26% used [0x00000000e1300000,0x00000000e1365830,0x00000000e1480000)
  to   space 1536K, 0% used [0x00000000e1480000,0x00000000e1480000,0x00000000e1600000)
 ParOldGen       total 5632K, used 1739K [0x00000000a1400000, 0x00000000a1980000, 0x00000000e0700000)
  object space 5632K, 30% used [0x00000000a1400000,0x00000000a15b2ff0,0x00000000a1980000)
 Metaspace       used 6787K, capacity 7796K, committed 8064K, reserved 1056768K
  class space    used 847K, capacity 880K, committed 896K, reserved 1048576K
}
Event: 0.823 GC heap before
{Heap before GC invocations=8 (full 0):
 PSYoungGen      total 13824K, used 12662K [0x00000000e0700000, 0x00000000e1600000, 0x0000000100000000)
  eden space 12288K, 99% used [0x00000000e0700000,0x00000000e12f8298,0x00000000e1300000)
  from space 1536K, 26% used [0x00000000e1300000,0x00000000e1365830,0x00000000e1480000)
  to   space 1536K, 0% used [0x00000000e1480000,0x00000000e1480000,0x00000000e1600000)
 ParOldGen       total 5632K, used 1739K [0x00000000a1400000, 0x00000000a1980000, 0x00000000e0700000)
  object space 5632K, 30% used [0x00000000a1400000,0x00000000a15b2ff0,0x00000000a1980000)
 Metaspace       used 6787K, capacity 7796K, committed 8064K, reserved 1056768K
  class space    used 847K, capacity 880K, committed 896K, reserved 1048576K
Event: 0.824 GC heap after
Heap after GC invocations=8 (full 0):
 PSYoungGen      total 13824K, used 227K [0x00000000e0700000, 0x00000000e1600000, 0x0000000100000000)
  eden space 12288K, 0% used [0x00000000e0700000,0x00000000e0700000,0x00000000e1300000)
  from space 1536K, 14% used [0x00000000e1480000,0x00000000e14b8e58,0x00000000e1600000)
  to   space 1536K, 0% used [0x00000000e1300000,0x00000000e1300000,0x00000000e1480000)
 ParOldGen       total 5632K, used 1960K [0x00000000a1400000, 0x00000000a1980000, 0x00000000e0700000)
  object space 5632K, 34% used [0x00000000a1400000,0x00000000a15ea000,0x00000000a1980000)
 Metaspace       used 6787K, capacity 7796K, committed 8064K, reserved 1056768K
  class space    used 847K, capacity 880K, committed 896K, reserved 1048576K
}

